<?xml version="1.0" encoding="UTF-8"?>
<!-- Generated by org.testng.reporters.JUnitReportReporter -->
<testsuite hostname="LAPTOP-IIBVRVE9" failures="0" tests="1" name="a_POM_1.LoginTest" time="2.027" errors="0" timestamp="2025-01-04T13:41:18 IST" skipped="0">
  <testcase classname="a_POM_1.LoginTest" name="testLogin" time="2.027"/>
</testsuite> <!-- a_POM_1.LoginTest -->
