<?xml version="1.0" encoding="UTF-8"?>
<!-- Generated by org.testng.reporters.JUnitReportReporter -->
<testsuite hostname="LAPTOP-IIBVRVE9" failures="0" tests="1" name="testCases.TC001_LoginPageTest" time="24.099" errors="0" timestamp="2025-01-11T13:18:55 IST" skipped="0">
  <testcase classname="testCases.TC001_LoginPageTest" name="testLogin" time="24.099"/>
</testsuite> <!-- testCases.TC001_LoginPageTest -->
